src-capacitor-jpconstrucred/android/app/build/intermediates/manifest_merge_blame_file/release/manifest-merger-blame-release-report.txt
1<?xml version="1.0" encoding="utf-8"?>
2<manifest xmlns:android="http://schemas.android.com/apk/res/android"
3    package="org.firstred.jpconstrucred.com"
4    android:versionCode="1"
5    android:versionName="1.0" >
6
7    <uses-sdk
8        android:minSdkVersion="23"
9        android:targetSdkVersion="35" />
10
11    <uses-feature
11-->src\main\AndroidManifest.xml:4:5-6:36
12        android:name="android.hardware.camera"
12-->src\main\AndroidManifest.xml:5:9-47
13        android:required="false" />
13-->src\main\AndroidManifest.xml:6:9-33
14
15    <!-- Permissions -->
16
17    <uses-permission android:name="android.permission.INTERNET" />
17-->src\main\AndroidManifest.xml:43:5-67
17-->src\main\AndroidManifest.xml:43:22-64
18    <uses-permission android:name="android.permission.CAMERA" />
18-->src\main\AndroidManifest.xml:44:5-65
18-->src\main\AndroidManifest.xml:44:22-62
19    <!-- Solo requerido en Android 13+ -->
20    <uses-permission android:name="android.permission.POST_NOTIFICATIONS" />
20-->src\main\AndroidManifest.xml:46:5-77
20-->src\main\AndroidManifest.xml:46:22-74
21    <uses-permission android:name="android.permission.READ_EXTERNAL_STORAGE" />
21-->src\main\AndroidManifest.xml:48:5-79
21-->src\main\AndroidManifest.xml:48:22-77
22    <uses-permission android:name="android.permission.WRITE_EXTERNAL_STORAGE" />
22-->src\main\AndroidManifest.xml:49:5-80
22-->src\main\AndroidManifest.xml:49:22-78
23    <uses-permission android:name="android.permission.RECEIVE_BOOT_COMPLETED" />
23-->src\main\AndroidManifest.xml:50:5-80
23-->src\main\AndroidManifest.xml:50:22-78
24    <uses-permission android:name="com.google.android.c2dm.permission.RECEIVE" />
24-->src\main\AndroidManifest.xml:51:5-81
24-->src\main\AndroidManifest.xml:51:22-79
25
26    <queries>
26-->[:capacitor-camera] AndroidManifest.xml:7:5-11:15
27        <intent>
27-->[:capacitor-camera] AndroidManifest.xml:8:9-10:18
28            <action android:name="android.media.action.IMAGE_CAPTURE" />
28-->[:capacitor-camera] AndroidManifest.xml:9:13-73
28-->[:capacitor-camera] AndroidManifest.xml:9:21-70
29        </intent>
30    </queries>
31
32    <uses-permission android:name="android.permission.ACCESS_NETWORK_STATE" />
32-->[com.google.firebase:firebase-messaging:24.1.0] AndroidManifest.xml:22:5-79
32-->[com.google.firebase:firebase-messaging:24.1.0] AndroidManifest.xml:22:22-76
33    <uses-permission android:name="android.permission.WAKE_LOCK" />
33-->[com.google.firebase:firebase-messaging:24.1.0] AndroidManifest.xml:24:5-68
33-->[com.google.firebase:firebase-messaging:24.1.0] AndroidManifest.xml:24:22-65
34
35    <permission
35-->[androidx.core:core:1.15.0] AndroidManifest.xml:22:5-24:47
36        android:name="org.firstred.jpconstrucred.com.DYNAMIC_RECEIVER_NOT_EXPORTED_PERMISSION"
36-->[androidx.core:core:1.15.0] AndroidManifest.xml:23:9-81
37        android:protectionLevel="signature" />
37-->[androidx.core:core:1.15.0] AndroidManifest.xml:24:9-44
38
39    <uses-permission android:name="org.firstred.jpconstrucred.com.DYNAMIC_RECEIVER_NOT_EXPORTED_PERMISSION" />
39-->[androidx.core:core:1.15.0] AndroidManifest.xml:26:5-97
39-->[androidx.core:core:1.15.0] AndroidManifest.xml:26:22-94
40
41    <application
41-->src\main\AndroidManifest.xml:7:5-39:19
42        android:allowBackup="true"
42-->src\main\AndroidManifest.xml:8:9-35
43        android:appComponentFactory="androidx.core.app.CoreComponentFactory"
43-->[androidx.core:core:1.15.0] AndroidManifest.xml:28:18-86
44        android:extractNativeLibs="false"
45        android:icon="@mipmap/ic_launcher"
45-->src\main\AndroidManifest.xml:9:9-43
46        android:label="@string/app_name"
46-->src\main\AndroidManifest.xml:10:9-41
47        android:roundIcon="@mipmap/ic_launcher_round"
47-->src\main\AndroidManifest.xml:11:9-54
48        android:supportsRtl="true"
48-->src\main\AndroidManifest.xml:12:9-35
49        android:theme="@style/AppTheme" >
49-->src\main\AndroidManifest.xml:13:9-40
50        <activity
50-->src\main\AndroidManifest.xml:15:9-28:20
51            android:name="org.firstred.jpconstrucred.com.MainActivity"
51-->src\main\AndroidManifest.xml:17:13-41
52            android:configChanges="orientation|keyboardHidden|keyboard|screenSize|locale|smallestScreenSize|screenLayout|uiMode"
52-->src\main\AndroidManifest.xml:16:13-129
53            android:exported="true"
53-->src\main\AndroidManifest.xml:21:13-36
54            android:label="@string/title_activity_main"
54-->src\main\AndroidManifest.xml:18:13-56
55            android:launchMode="singleTask"
55-->src\main\AndroidManifest.xml:20:13-44
56            android:theme="@style/AppTheme.NoActionBarLaunch" >
56-->src\main\AndroidManifest.xml:19:13-62
57            <intent-filter>
57-->src\main\AndroidManifest.xml:23:13-26:29
58                <action android:name="android.intent.action.MAIN" />
58-->src\main\AndroidManifest.xml:24:17-69
58-->src\main\AndroidManifest.xml:24:25-66
59
60                <category android:name="android.intent.category.LAUNCHER" />
60-->src\main\AndroidManifest.xml:25:17-77
60-->src\main\AndroidManifest.xml:25:27-74
61            </intent-filter>
62        </activity>
63
64        <provider
65            android:name="androidx.core.content.FileProvider"
65-->src\main\AndroidManifest.xml:31:13-62
66            android:authorities="org.firstred.jpconstrucred.com.fileprovider"
66-->src\main\AndroidManifest.xml:32:13-64
67            android:exported="false"
67-->src\main\AndroidManifest.xml:33:13-37
68            android:grantUriPermissions="true" >
68-->src\main\AndroidManifest.xml:34:13-47
69            <meta-data
69-->src\main\AndroidManifest.xml:35:13-37:64
70                android:name="android.support.FILE_PROVIDER_PATHS"
70-->src\main\AndroidManifest.xml:36:17-67
71                android:resource="@xml/file_paths" />
71-->src\main\AndroidManifest.xml:37:17-51
72        </provider>
73
74        <service
74-->[:capacitor-push-notifications] AndroidManifest.xml:8:9-14:19
75            android:name="com.capacitorjs.plugins.pushnotifications.MessagingService"
75-->[:capacitor-push-notifications] AndroidManifest.xml:9:13-86
76            android:exported="false" >
76-->[:capacitor-push-notifications] AndroidManifest.xml:10:13-37
77            <intent-filter>
77-->[:capacitor-push-notifications] AndroidManifest.xml:11:13-13:29
78                <action android:name="com.google.firebase.MESSAGING_EVENT" />
78-->[:capacitor-push-notifications] AndroidManifest.xml:12:17-78
78-->[:capacitor-push-notifications] AndroidManifest.xml:12:25-75
79            </intent-filter>
80        </service>
81
82        <provider
82-->[:capacitor-cordova-android-plugins] AndroidManifest.xml:11:9-19:20
83            android:name="io.github.pwlin.cordova.plugins.fileopener2.FileProvider"
83-->[:capacitor-cordova-android-plugins] AndroidManifest.xml:12:13-84
84            android:authorities="org.firstred.jpconstrucred.com.fileOpener2.provider"
84-->[:capacitor-cordova-android-plugins] AndroidManifest.xml:13:13-72
85            android:exported="false"
85-->[:capacitor-cordova-android-plugins] AndroidManifest.xml:14:13-37
86            android:grantUriPermissions="true" >
86-->[:capacitor-cordova-android-plugins] AndroidManifest.xml:15:13-47
87            <meta-data
87-->src\main\AndroidManifest.xml:35:13-37:64
88                android:name="android.support.FILE_PROVIDER_PATHS"
88-->src\main\AndroidManifest.xml:36:17-67
89                android:resource="@xml/opener_paths" />
89-->src\main\AndroidManifest.xml:37:17-51
90        </provider>
91
92        <receiver
92-->[com.google.firebase:firebase-messaging:24.1.0] AndroidManifest.xml:29:9-40:20
93            android:name="com.google.firebase.iid.FirebaseInstanceIdReceiver"
93-->[com.google.firebase:firebase-messaging:24.1.0] AndroidManifest.xml:30:13-78
94            android:exported="true"
94-->[com.google.firebase:firebase-messaging:24.1.0] AndroidManifest.xml:31:13-36
95            android:permission="com.google.android.c2dm.permission.SEND" >
95-->[com.google.firebase:firebase-messaging:24.1.0] AndroidManifest.xml:32:13-73
96            <intent-filter>
96-->[com.google.firebase:firebase-messaging:24.1.0] AndroidManifest.xml:33:13-35:29
97                <action android:name="com.google.android.c2dm.intent.RECEIVE" />
97-->[com.google.firebase:firebase-messaging:24.1.0] AndroidManifest.xml:34:17-81
97-->[com.google.firebase:firebase-messaging:24.1.0] AndroidManifest.xml:34:25-78
98            </intent-filter>
99
100            <meta-data
100-->[com.google.firebase:firebase-messaging:24.1.0] AndroidManifest.xml:37:13-39:40
101                android:name="com.google.android.gms.cloudmessaging.FINISHED_AFTER_HANDLED"
101-->[com.google.firebase:firebase-messaging:24.1.0] AndroidManifest.xml:38:17-92
102                android:value="true" />
102-->[com.google.firebase:firebase-messaging:24.1.0] AndroidManifest.xml:39:17-37
103        </receiver>
104        <!--
105             FirebaseMessagingService performs security checks at runtime,
106             but set to not exported to explicitly avoid allowing another app to call it.
107        -->
108        <service
108-->[com.google.firebase:firebase-messaging:24.1.0] AndroidManifest.xml:46:9-53:19
109            android:name="com.google.firebase.messaging.FirebaseMessagingService"
109-->[com.google.firebase:firebase-messaging:24.1.0] AndroidManifest.xml:47:13-82
110            android:directBootAware="true"
110-->[com.google.firebase:firebase-messaging:24.1.0] AndroidManifest.xml:48:13-43
111            android:exported="false" >
111-->[com.google.firebase:firebase-messaging:24.1.0] AndroidManifest.xml:49:13-37
112            <intent-filter android:priority="-500" >
112-->[:capacitor-push-notifications] AndroidManifest.xml:11:13-13:29
113                <action android:name="com.google.firebase.MESSAGING_EVENT" />
113-->[:capacitor-push-notifications] AndroidManifest.xml:12:17-78
113-->[:capacitor-push-notifications] AndroidManifest.xml:12:25-75
114            </intent-filter>
115        </service>
116        <service
116-->[com.google.firebase:firebase-messaging:24.1.0] AndroidManifest.xml:54:9-63:19
117            android:name="com.google.firebase.components.ComponentDiscoveryService"
117-->[com.google.firebase:firebase-messaging:24.1.0] AndroidManifest.xml:55:13-84
118            android:directBootAware="true"
118-->[com.google.firebase:firebase-common:21.0.0] AndroidManifest.xml:32:13-43
119            android:exported="false" >
119-->[com.google.firebase:firebase-messaging:24.1.0] AndroidManifest.xml:56:13-37
120            <meta-data
120-->[com.google.firebase:firebase-messaging:24.1.0] AndroidManifest.xml:57:13-59:85
121                android:name="com.google.firebase.components:com.google.firebase.messaging.FirebaseMessagingKtxRegistrar"
121-->[com.google.firebase:firebase-messaging:24.1.0] AndroidManifest.xml:58:17-122
122                android:value="com.google.firebase.components.ComponentRegistrar" />
122-->[com.google.firebase:firebase-messaging:24.1.0] AndroidManifest.xml:59:17-82
123            <meta-data
123-->[com.google.firebase:firebase-messaging:24.1.0] AndroidManifest.xml:60:13-62:85
124                android:name="com.google.firebase.components:com.google.firebase.messaging.FirebaseMessagingRegistrar"
124-->[com.google.firebase:firebase-messaging:24.1.0] AndroidManifest.xml:61:17-119
125                android:value="com.google.firebase.components.ComponentRegistrar" />
125-->[com.google.firebase:firebase-messaging:24.1.0] AndroidManifest.xml:62:17-82
126            <meta-data
126-->[com.google.firebase:firebase-installations:17.2.0] AndroidManifest.xml:15:13-17:85
127                android:name="com.google.firebase.components:com.google.firebase.installations.FirebaseInstallationsKtxRegistrar"
127-->[com.google.firebase:firebase-installations:17.2.0] AndroidManifest.xml:16:17-130
128                android:value="com.google.firebase.components.ComponentRegistrar" />
128-->[com.google.firebase:firebase-installations:17.2.0] AndroidManifest.xml:17:17-82
129            <meta-data
129-->[com.google.firebase:firebase-installations:17.2.0] AndroidManifest.xml:18:13-20:85
130                android:name="com.google.firebase.components:com.google.firebase.installations.FirebaseInstallationsRegistrar"
130-->[com.google.firebase:firebase-installations:17.2.0] AndroidManifest.xml:19:17-127
131                android:value="com.google.firebase.components.ComponentRegistrar" />
131-->[com.google.firebase:firebase-installations:17.2.0] AndroidManifest.xml:20:17-82
132            <meta-data
132-->[com.google.firebase:firebase-common-ktx:21.0.0] AndroidManifest.xml:12:13-14:85
133                android:name="com.google.firebase.components:com.google.firebase.ktx.FirebaseCommonLegacyRegistrar"
133-->[com.google.firebase:firebase-common-ktx:21.0.0] AndroidManifest.xml:13:17-116
134                android:value="com.google.firebase.components.ComponentRegistrar" />
134-->[com.google.firebase:firebase-common-ktx:21.0.0] AndroidManifest.xml:14:17-82
135            <meta-data
135-->[com.google.firebase:firebase-common:21.0.0] AndroidManifest.xml:35:13-37:85
136                android:name="com.google.firebase.components:com.google.firebase.FirebaseCommonKtxRegistrar"
136-->[com.google.firebase:firebase-common:21.0.0] AndroidManifest.xml:36:17-109
137                android:value="com.google.firebase.components.ComponentRegistrar" />
137-->[com.google.firebase:firebase-common:21.0.0] AndroidManifest.xml:37:17-82
138            <meta-data
138-->[com.google.firebase:firebase-datatransport:18.2.0] AndroidManifest.xml:25:13-27:85
139                android:name="com.google.firebase.components:com.google.firebase.datatransport.TransportRegistrar"
139-->[com.google.firebase:firebase-datatransport:18.2.0] AndroidManifest.xml:26:17-115
140                android:value="com.google.firebase.components.ComponentRegistrar" />
140-->[com.google.firebase:firebase-datatransport:18.2.0] AndroidManifest.xml:27:17-82
141        </service>
142
143        <activity
143-->[com.google.android.gms:play-services-base:18.0.1] AndroidManifest.xml:20:9-22:45
144            android:name="com.google.android.gms.common.api.GoogleApiActivity"
144-->[com.google.android.gms:play-services-base:18.0.1] AndroidManifest.xml:20:19-85
145            android:exported="false"
145-->[com.google.android.gms:play-services-base:18.0.1] AndroidManifest.xml:22:19-43
146            android:theme="@android:style/Theme.Translucent.NoTitleBar" />
146-->[com.google.android.gms:play-services-base:18.0.1] AndroidManifest.xml:21:19-78
147
148        <provider
148-->[com.google.firebase:firebase-common:21.0.0] AndroidManifest.xml:23:9-28:39
149            android:name="com.google.firebase.provider.FirebaseInitProvider"
149-->[com.google.firebase:firebase-common:21.0.0] AndroidManifest.xml:24:13-77
150            android:authorities="org.firstred.jpconstrucred.com.firebaseinitprovider"
150-->[com.google.firebase:firebase-common:21.0.0] AndroidManifest.xml:25:13-72
151            android:directBootAware="true"
151-->[com.google.firebase:firebase-common:21.0.0] AndroidManifest.xml:26:13-43
152            android:exported="false"
152-->[com.google.firebase:firebase-common:21.0.0] AndroidManifest.xml:27:13-37
153            android:initOrder="100" />
153-->[com.google.firebase:firebase-common:21.0.0] AndroidManifest.xml:28:13-36
154        <provider
154-->[androidx.emoji2:emoji2:1.2.0] AndroidManifest.xml:24:9-32:20
155            android:name="androidx.startup.InitializationProvider"
155-->[androidx.emoji2:emoji2:1.2.0] AndroidManifest.xml:25:13-67
156            android:authorities="org.firstred.jpconstrucred.com.androidx-startup"
156-->[androidx.emoji2:emoji2:1.2.0] AndroidManifest.xml:26:13-68
157            android:exported="false" >
157-->[androidx.emoji2:emoji2:1.2.0] AndroidManifest.xml:27:13-37
158            <meta-data
158-->[androidx.emoji2:emoji2:1.2.0] AndroidManifest.xml:29:13-31:52
159                android:name="androidx.emoji2.text.EmojiCompatInitializer"
159-->[androidx.emoji2:emoji2:1.2.0] AndroidManifest.xml:30:17-75
160                android:value="androidx.startup" />
160-->[androidx.emoji2:emoji2:1.2.0] AndroidManifest.xml:31:17-49
161            <meta-data
161-->[androidx.lifecycle:lifecycle-process:2.6.2] AndroidManifest.xml:29:13-31:52
162                android:name="androidx.lifecycle.ProcessLifecycleInitializer"
162-->[androidx.lifecycle:lifecycle-process:2.6.2] AndroidManifest.xml:30:17-78
163                android:value="androidx.startup" />
163-->[androidx.lifecycle:lifecycle-process:2.6.2] AndroidManifest.xml:31:17-49
164            <meta-data
164-->[androidx.profileinstaller:profileinstaller:1.3.1] AndroidManifest.xml:29:13-31:52
165                android:name="androidx.profileinstaller.ProfileInstallerInitializer"
165-->[androidx.profileinstaller:profileinstaller:1.3.1] AndroidManifest.xml:30:17-85
166                android:value="androidx.startup" />
166-->[androidx.profileinstaller:profileinstaller:1.3.1] AndroidManifest.xml:31:17-49
167        </provider>
168
169        <meta-data
169-->[com.google.android.gms:play-services-basement:18.3.0] AndroidManifest.xml:21:9-23:69
170            android:name="com.google.android.gms.version"
170-->[com.google.android.gms:play-services-basement:18.3.0] AndroidManifest.xml:22:13-58
171            android:value="@integer/google_play_services_version" />
171-->[com.google.android.gms:play-services-basement:18.3.0] AndroidManifest.xml:23:13-66
172
173        <service
173-->[com.google.android.datatransport:transport-backend-cct:3.1.9] AndroidManifest.xml:28:9-34:19
174            android:name="com.google.android.datatransport.runtime.backends.TransportBackendDiscovery"
174-->[com.google.android.datatransport:transport-backend-cct:3.1.9] AndroidManifest.xml:29:13-103
175            android:exported="false" >
175-->[com.google.android.datatransport:transport-backend-cct:3.1.9] AndroidManifest.xml:30:13-37
176            <meta-data
176-->[com.google.android.datatransport:transport-backend-cct:3.1.9] AndroidManifest.xml:31:13-33:39
177                android:name="backend:com.google.android.datatransport.cct.CctBackendFactory"
177-->[com.google.android.datatransport:transport-backend-cct:3.1.9] AndroidManifest.xml:32:17-94
178                android:value="cct" />
178-->[com.google.android.datatransport:transport-backend-cct:3.1.9] AndroidManifest.xml:33:17-36
179        </service>
180        <service
180-->[com.google.android.datatransport:transport-runtime:3.1.9] AndroidManifest.xml:26:9-30:19
181            android:name="com.google.android.datatransport.runtime.scheduling.jobscheduling.JobInfoSchedulerService"
181-->[com.google.android.datatransport:transport-runtime:3.1.9] AndroidManifest.xml:27:13-117
182            android:exported="false"
182-->[com.google.android.datatransport:transport-runtime:3.1.9] AndroidManifest.xml:28:13-37
183            android:permission="android.permission.BIND_JOB_SERVICE" >
183-->[com.google.android.datatransport:transport-runtime:3.1.9] AndroidManifest.xml:29:13-69
184        </service>
185
186        <receiver
186-->[com.google.android.datatransport:transport-runtime:3.1.9] AndroidManifest.xml:32:9-34:40
187            android:name="com.google.android.datatransport.runtime.scheduling.jobscheduling.AlarmManagerSchedulerBroadcastReceiver"
187-->[com.google.android.datatransport:transport-runtime:3.1.9] AndroidManifest.xml:33:13-132
188            android:exported="false" />
188-->[com.google.android.datatransport:transport-runtime:3.1.9] AndroidManifest.xml:34:13-37
189        <receiver
189-->[androidx.profileinstaller:profileinstaller:1.3.1] AndroidManifest.xml:34:9-52:20
190            android:name="androidx.profileinstaller.ProfileInstallReceiver"
190-->[androidx.profileinstaller:profileinstaller:1.3.1] AndroidManifest.xml:35:13-76
191            android:directBootAware="false"
191-->[androidx.profileinstaller:profileinstaller:1.3.1] AndroidManifest.xml:36:13-44
192            android:enabled="true"
192-->[androidx.profileinstaller:profileinstaller:1.3.1] AndroidManifest.xml:37:13-35
193            android:exported="true"
193-->[androidx.profileinstaller:profileinstaller:1.3.1] AndroidManifest.xml:38:13-36
194            android:permission="android.permission.DUMP" >
194-->[androidx.profileinstaller:profileinstaller:1.3.1] AndroidManifest.xml:39:13-57
195            <intent-filter>
195-->[androidx.profileinstaller:profileinstaller:1.3.1] AndroidManifest.xml:40:13-42:29
196                <action android:name="androidx.profileinstaller.action.INSTALL_PROFILE" />
196-->[androidx.profileinstaller:profileinstaller:1.3.1] AndroidManifest.xml:41:17-91
196-->[androidx.profileinstaller:profileinstaller:1.3.1] AndroidManifest.xml:41:25-88
197            </intent-filter>
198            <intent-filter>
198-->[androidx.profileinstaller:profileinstaller:1.3.1] AndroidManifest.xml:43:13-45:29
199                <action android:name="androidx.profileinstaller.action.SKIP_FILE" />
199-->[androidx.profileinstaller:profileinstaller:1.3.1] AndroidManifest.xml:44:17-85
199-->[androidx.profileinstaller:profileinstaller:1.3.1] AndroidManifest.xml:44:25-82
200            </intent-filter>
201            <intent-filter>
201-->[androidx.profileinstaller:profileinstaller:1.3.1] AndroidManifest.xml:46:13-48:29
202                <action android:name="androidx.profileinstaller.action.SAVE_PROFILE" />
202-->[androidx.profileinstaller:profileinstaller:1.3.1] AndroidManifest.xml:47:17-88
202-->[androidx.profileinstaller:profileinstaller:1.3.1] AndroidManifest.xml:47:25-85
203            </intent-filter>
204            <intent-filter>
204-->[androidx.profileinstaller:profileinstaller:1.3.1] AndroidManifest.xml:49:13-51:29
205                <action android:name="androidx.profileinstaller.action.BENCHMARK_OPERATION" />
205-->[androidx.profileinstaller:profileinstaller:1.3.1] AndroidManifest.xml:50:17-95
205-->[androidx.profileinstaller:profileinstaller:1.3.1] AndroidManifest.xml:50:25-92
206            </intent-filter>
207        </receiver>
208    </application>
209
210</manifest>